\BOOKMARK [2][-]{subsection.0.1}{\376\377\000T\000h\000e\000\040\000c\000l\000a\000i\000m\000\040\000t\000h\000e\000\040\000c\000o\000d\000e\000\040\000v\000e\000r\000i\000f\000i\000e\000s}{}% 1
\BOOKMARK [2][-]{subsection.0.2}{\376\377\000p\000r\000i\000m\000i\000t\000i\000v\000e\000s\000.\000p\000y\000\040\040\024\000\040\000T\000h\000e\000\040\000o\000p\000c\000o\000d\000e\000\040\000t\000a\000b\000l\000e}{}% 2
\BOOKMARK [3][-]{subsubsection.0.2.1}{\376\377\000P\000R\000I\000M\000I\000T\000I\000V\000E\000S}{subsection.0.2}% 3
\BOOKMARK [3][-]{subsubsection.0.2.2}{\376\377\000W\000h\000y\000\040\000c\000h\000\040\000a\000n\000d\000\040\000s\000h\000\040\000a\000r\000e\000\040\000d\000i\000g\000r\000a\000p\000h\000s}{subsection.0.2}% 4
\BOOKMARK [3][-]{subsubsection.0.2.3}{\376\377\000F\000L\000U\000X}{subsection.0.2}% 5
\BOOKMARK [3][-]{subsubsection.0.2.4}{\376\377\000B\000O\000O\000T\000S\000T\000R\000A\000P\000\137\000S\000E\000Q\000U\000E\000N\000C\000E}{subsection.0.2}% 6
\BOOKMARK [2][-]{subsection.0.3}{\376\377\000c\000o\000m\000p\000i\000l\000e\000r\000.\000p\000y\000\040\040\024\000\040\000T\000h\000e\000\040\000I\000M\000A\000S\000M\000\040\000c\000o\000m\000p\000i\000l\000e\000r}{}% 7
\BOOKMARK [3][-]{subsubsection.0.3.1}{\376\377\000T\000h\000e\000\040\000t\000r\000a\000n\000s\000c\000r\000i\000p\000t\000i\000o\000n\000\040\000f\000o\000r\000m\000a\000t}{subsection.0.3}% 8
\BOOKMARK [3][-]{subsubsection.0.3.2}{\376\377\000\137\000c\000l\000e\000a\000n\000\050\000t\000o\000k\000e\000n\000\051}{subsection.0.3}% 9
\BOOKMARK [3][-]{subsubsection.0.3.3}{\376\377\000\137\000e\000x\000t\000r\000a\000c\000t\000\050\000t\000e\000x\000t\000\051\000\040\040\024\000\040\000t\000h\000e\000\040\000c\000o\000r\000e\000\040\000c\000o\000m\000p\000i\000l\000e\000r\000\040\000s\000t\000e\000p}{subsection.0.3}% 10
\BOOKMARK [3][-]{subsubsection.0.3.4}{\376\377\000\137\000c\000o\000m\000p\000i\000l\000e\000\137\000f\000o\000l\000i\000o\000\050\000n\000a\000m\000e\000,\000\040\000l\000i\000n\000e\000s\000\051}{subsection.0.3}% 11
\BOOKMARK [3][-]{subsubsection.0.3.5}{\376\377\000c\000o\000m\000p\000i\000l\000e\000\137\000c\000o\000r\000p\000u\000s\000\050\000p\000a\000t\000h\000,\000\040\000w\000o\000r\000k\000e\000r\000s\000=\0001\0002\000,\000\040\000v\000e\000r\000b\000o\000s\000e\000=\000F\000a\000l\000s\000e\000\051}{subsection.0.3}% 12
\BOOKMARK [3][-]{subsubsection.0.3.6}{\376\377\000H\000e\000l\000p\000e\000r\000\040\000f\000u\000n\000c\000t\000i\000o\000n\000s}{subsection.0.3}% 13
\BOOKMARK [2][-]{subsection.0.4}{\376\377\000r\000u\000n\000t\000i\000m\000e\000.\000p\000y\000\040\040\024\000\040\000T\000h\000e\000\040\000U\000n\000i\000v\000e\000r\000s\000a\000l\000\040\000E\000n\000g\000i\000n\000e\000\040\000V\000M}{}% 14
\BOOKMARK [3][-]{subsubsection.0.4.1}{\376\377\000T\000r\000i\000P\000h\000a\000s\000e\000R\000e\000g\000i\000s\000t\000e\000r}{subsection.0.4}% 15
\BOOKMARK [3][-]{subsubsection.0.4.2}{\376\377\000U\000n\000i\000v\000e\000r\000s\000a\000l\000E\000n\000g\000i\000n\000e}{subsection.0.4}% 16
\BOOKMARK [3][-]{subsubsection.0.4.3}{\376\377\000S\000a\000t\000u\000r\000a\000t\000i\000o\000n\000\040\000b\000e\000h\000a\000v\000i\000o\000r}{subsection.0.4}% 17
\BOOKMARK [3][-]{subsubsection.0.4.4}{\376\377\000i\000n\000j\000e\000c\000t\000\137\000p\000a\000r\000a\000d\000o\000x\000\050\000r\000e\000g\000\137\000i\000d\000\051}{subsection.0.4}% 18
\BOOKMARK [2][-]{subsection.0.5}{\376\377\000c\000a\000l\000l\000g\000r\000a\000p\000h\000.\000p\000y\000\040\040\024\000\040\000R\000e\000g\000i\000s\000t\000e\000r\000\040\000f\000l\000o\000w\000\040\000v\000i\000s\000u\000a\000l\000i\000z\000a\000t\000i\000o\000n}{}% 19
\BOOKMARK [3][-]{subsubsection.0.5.1}{\376\377\000b\000u\000i\000l\000d\000\137\000g\000r\000a\000p\000h\000\050\000i\000n\000s\000t\000r\000u\000c\000t\000i\000o\000n\000s\000\051}{subsection.0.5}% 20
\BOOKMARK [3][-]{subsubsection.0.5.2}{\376\377\000l\000a\000r\000g\000e\000s\000t\000\137\000c\000o\000m\000p\000o\000n\000e\000n\000t\000\050\000G\000\051}{subsection.0.5}% 21
\BOOKMARK [3][-]{subsubsection.0.5.3}{\376\377\000r\000e\000n\000d\000e\000r\000\050\000G\000,\000\040\000o\000u\000t\000p\000u\000t\000,\000\040\000d\000p\000i\000\051}{subsection.0.5}% 22
\BOOKMARK [3][-]{subsubsection.0.5.4}{\376\377\000g\000e\000n\000e\000r\000a\000t\000e\000\137\000c\000a\000l\000l\000\137\000g\000r\000a\000p\000h\000\050\000s\000o\000u\000r\000c\000e\000,\000\040\000o\000u\000t\000p\000u\000t\000,\000\040\000v\000e\000r\000b\000o\000s\000e\000\051}{subsection.0.5}% 23
\BOOKMARK [2][-]{subsection.0.6}{\376\377\000e\000x\000a\000m\000p\000l\000e\000s\000/\000q\000u\000i\000c\000k\000s\000t\000a\000r\000t\000.\000p\000y}{}% 24
\BOOKMARK [2][-]{subsection.0.7}{\376\377\000C\000o\000m\000m\000a\000n\000d\000-\000l\000i\000n\000e\000\040\000i\000n\000t\000e\000r\000f\000a\000c\000e}{}% 25
\BOOKMARK [2][-]{subsection.0.8}{\376\377\000W\000h\000a\000t\000\040\000t\000h\000e\000\040\000n\000u\000m\000b\000e\000r\000s\000\040\000m\000e\000a\000n}{}% 26
