\BOOKMARK [2][-]{subsection.0.1}{\376\377\000A\000b\000s\000t\000r\000a\000c\000t}{}% 1
\BOOKMARK [2][-]{subsection.0.2}{\376\377\000T\000h\000e\000\040\000W\000r\000o\000n\000g\000\040\000Q\000u\000e\000s\000t\000i\000o\000n\000s}{}% 2
\BOOKMARK [3][-]{subsubsection.0.2.1}{\376\377\000A\000\040\000C\000e\000n\000t\000u\000r\000y\000\040\000o\000f\000\040\000D\000e\000a\000d\000\040\000E\000n\000d\000s}{subsection.0.2}% 3
\BOOKMARK [3][-]{subsubsection.0.2.2}{\376\377\000T\000h\000e\000\040\000S\000u\000b\000s\000t\000r\000a\000t\000e}{subsection.0.2}% 4
\BOOKMARK [3][-]{subsubsection.0.2.3}{\376\377\000W\000h\000a\000t\000\040\000F\000o\000l\000l\000o\000w\000s}{subsection.0.2}% 5
\BOOKMARK [2][-]{subsection.0.3}{\376\377\000T\000h\000e\000\040\000T\000w\000e\000l\000v\000e\000\040\000P\000r\000i\000m\000i\000t\000i\000v\000e\000s}{}% 6
\BOOKMARK [3][-]{subsubsection.0.3.1}{\376\377\000F\000r\000o\000m\000\040\000G\000l\000y\000p\000h\000s\000\040\000t\000o\000\040\000O\000p\000c\000o\000d\000e\000s}{subsection.0.3}% 7
\BOOKMARK [3][-]{subsubsection.0.3.2}{\376\377\000T\000h\000e\000\040\000S\000t\000a\000t\000i\000s\000t\000i\000c\000a\000l\000\040\000A\000r\000g\000u\000m\000e\000n\000t\000\040\000f\000o\000r\000\040\000U\000n\000i\000q\000u\000e\000n\000e\000s\000s}{subsection.0.3}% 8
\BOOKMARK [3][-]{subsubsection.0.3.3}{\376\377\000T\000h\000e\000\040\000T\000r\000i\000-\000P\000h\000a\000s\000e\000\040\000F\000l\000u\000x\000\040\000R\000e\000g\000i\000s\000t\000e\000r}{subsection.0.3}% 9
\BOOKMARK [3][-]{subsubsection.0.3.4}{\376\377\000T\000e\000m\000p\000o\000r\000a\000l\000\040\000A\000s\000y\000m\000m\000e\000t\000r\000y\000\040\000v\000i\000a\000\040\000L\000i\000n\000e\000a\000r\000\040\000T\000y\000p\000e\000s}{subsection.0.3}% 10
\BOOKMARK [2][-]{subsection.0.4}{\376\377\000C\000o\000m\000p\000i\000l\000i\000n\000g\000\040\000t\000h\000e\000\040\000C\000o\000r\000p\000u\000s}{}% 11
\BOOKMARK [3][-]{subsubsection.0.4.1}{\376\377\000T\000h\000e\000\040\000C\000o\000m\000p\000i\000l\000e\000r\000'\000s\000\040\000F\000i\000r\000s\000t\000\040\000R\000e\000f\000u\000s\000a\000l}{subsection.0.4}% 12
\BOOKMARK [3][-]{subsubsection.0.4.2}{\376\377\000W\000h\000a\000t\000\040\000t\000h\000e\000\040\000C\000o\000m\000p\000i\000l\000e\000r\000\040\000P\000r\000o\000d\000u\000c\000e\000d}{subsection.0.4}% 13
\BOOKMARK [3][-]{subsubsection.0.4.3}{\376\377\000S\000e\000c\000t\000i\000o\000n\000a\000l\000\040\000V\000a\000r\000i\000a\000t\000i\000o\000n\000s}{subsection.0.4}% 14
\BOOKMARK [2][-]{subsection.0.5}{\376\377\000R\000u\000n\000n\000i\000n\000g\000\040\000t\000h\000e\000\040\000E\000n\000g\000i\000n\000e}{}% 15
\BOOKMARK [3][-]{subsubsection.0.5.1}{\376\377\000T\000h\000e\000\040\000V\000i\000r\000t\000u\000a\000l\000\040\000M\000a\000c\000h\000i\000n\000e}{subsection.0.5}% 16
\BOOKMARK [3][-]{subsubsection.0.5.2}{\376\377\000S\000t\000a\000b\000i\000l\000i\000z\000i\000n\000g\000\040\000t\000h\000e\000\040\000I\000m\000p\000o\000s\000s\000i\000b\000l\000e}{subsection.0.5}% 17
\BOOKMARK [2][-]{subsection.0.6}{\376\377\000T\000h\000e\000\040\000C\000a\000l\000l\000\040\000G\000r\000a\000p\000h\000\040\000I\000s\000\040\000t\000h\000e\000\040\000I\000l\000l\000u\000s\000t\000r\000a\000t\000i\000o\000n}{}% 18
\BOOKMARK [3][-]{subsubsection.0.6.1}{\376\377\000E\000x\000t\000r\000a\000c\000t\000i\000n\000g\000\040\000t\000h\000e\000\040\000T\000o\000p\000o\000l\000o\000g\000y}{subsection.0.6}% 19
\BOOKMARK [3][-]{subsubsection.0.6.2}{\376\377\000T\000h\000e\000\040\000M\000o\000m\000e\000n\000t\000\040\000o\000f\000\040\000R\000e\000c\000o\000g\000n\000i\000t\000i\000o\000n}{subsection.0.6}% 20
\BOOKMARK [2][-]{subsection.0.7}{\376\377\000E\000x\000t\000e\000n\000d\000e\000d\000\040\000C\000o\000m\000p\000u\000t\000a\000t\000i\000o\000n\000a\000l\000\040\000A\000n\000a\000l\000y\000s\000i\000s}{}% 21
\BOOKMARK [3][-]{subsubsection.0.7.1}{\376\377\000S\000y\000n\000t\000h\000e\000t\000i\000c\000\040\000C\000o\000r\000p\000u\000s\000\040\000C\000o\000m\000p\000a\000r\000i\000s\000o\000n}{subsection.0.7}% 22
\BOOKMARK [3][-]{subsubsection.0.7.2}{\376\377\000T\000h\000e\000\040\000D\000o\000m\000i\000n\000a\000n\000t\000\040\000C\000y\000c\000l\000e}{subsection.0.7}% 23
\BOOKMARK [3][-]{subsubsection.0.7.3}{\376\377\000S\000t\000r\000u\000c\000t\000u\000r\000a\000l\000\040\000F\000r\000a\000g\000i\000l\000i\000t\000y}{subsection.0.7}% 24
\BOOKMARK [3][-]{subsubsection.0.7.4}{\376\377\000S\000e\000c\000t\000i\000o\000n\000\040\000T\000o\000p\000o\000l\000o\000g\000y}{subsection.0.7}% 25
\BOOKMARK [3][-]{subsubsection.0.7.5}{\376\377\000P\000a\000r\000a\000d\000o\000x\000\040\000C\000o\000n\000t\000a\000i\000n\000m\000e\000n\000t}{subsection.0.7}% 26
\BOOKMARK [2][-]{subsection.0.8}{\376\377\000T\000h\000e\000\040\000G\000l\000y\000p\000h\000-\000L\000e\000v\000e\000l\000\040\000I\000s\000o\000m\000o\000r\000p\000h\000i\000s\000m\000:\000\040\000F\000o\000l\000i\000o\000\040\000f\0001\0001\0006\000r}{}% 27
\BOOKMARK [2][-]{subsection.0.9}{\376\377\000W\000h\000e\000n\000\040\000P\000h\000y\000s\000i\000c\000s\000\040\000I\000s\000\040\000M\000i\000c\000r\000o\000a\000r\000c\000h\000i\000t\000e\000c\000t\000u\000r\000e}{}% 28
\BOOKMARK [3][-]{subsubsection.0.9.1}{\376\377\000T\000h\000e\000\040\000S\000p\000e\000e\000d\000\040\000o\000f\000\040\000L\000i\000g\000h\000t\000\040\000a\000s\000\040\000a\000\040\000B\000a\000n\000d\000w\000i\000d\000t\000h\000\040\000L\000i\000m\000i\000t}{subsection.0.9}% 29
\BOOKMARK [3][-]{subsubsection.0.9.2}{\376\377\000P\000l\000a\000n\000c\000k\000'\000s\000\040\000C\000o\000n\000s\000t\000a\000n\000t\000\040\000a\000s\000\040\000P\000a\000r\000a\000d\000o\000x\000\040\000E\000n\000e\000r\000g\000y}{subsection.0.9}% 30
\BOOKMARK [3][-]{subsubsection.0.9.3}{\376\377\000T\000i\000m\000e\000\040\000a\000s\000\040\000A\000p\000p\000e\000n\000d\000-\000O\000n\000l\000y}{subsection.0.9}% 31
\BOOKMARK [2][-]{subsection.0.10}{\376\377\000T\000h\000e\000\040\000F\000i\000v\000e\000-\000H\000u\000n\000d\000r\000e\000d\000-\000Y\000e\000a\000r\000\040\000P\000r\000o\000b\000l\000e\000m}{}% 32
\BOOKMARK [3][-]{subsubsection.0.10.1}{\376\377\000T\000h\000e\000\040\000O\000b\000j\000e\000c\000t\000i\000o\000n\000\040\000T\000h\000a\000t\000\040\000M\000a\000t\000t\000e\000r\000s}{subsection.0.10}% 33
\BOOKMARK [3][-]{subsubsection.0.10.2}{\376\377\000H\000o\000w\000\040\000t\000o\000\040\000P\000r\000o\000v\000e\000\040\000T\000h\000i\000s\000\040\000W\000r\000o\000n\000g}{subsection.0.10}% 34
\BOOKMARK [3][-]{subsubsection.0.10.3}{\376\377\000W\000h\000a\000t\000\040\000I\000f\000\040\000I\000t\000'\000s\000\040\000R\000e\000a\000l\000?}{subsection.0.10}% 35
\BOOKMARK [2][-]{subsection.0.11}{\376\377\000T\000h\000e\000\040\000O\000p\000e\000n\000\040\000L\000o\000o\000p}{}% 36
\BOOKMARK [2][-]{subsection.0.12}{\376\377\000C\000o\000d\000e\000\040\000A\000v\000a\000i\000l\000a\000b\000i\000l\000i\000t\000y}{}% 37
\BOOKMARK [2][-]{subsection.0.13}{\376\377\000A\000c\000k\000n\000o\000w\000l\000e\000d\000g\000m\000e\000n\000t\000s}{}% 38
\BOOKMARK [2][-]{subsection.0.14}{\376\377\000R\000e\000f\000e\000r\000e\000n\000c\000e\000s}{}% 39
